<?xml version="1.0" encoding="UTF-8"?>
<!-- Generated by org.testng.reporters.JUnitXMLReporter -->
<testsuite hostname="jack-PC" name="Command line test" tests="48" failures="8" timestamp="18 Jan 2014 19:30:42 GMT" time="0.137" errors="0">
  <testcase name="testDirectoryServiceImpl_1 on instance testDirectoryServiceImpl_1(org.grapeCity.restAssignment.service.DirectoryServiceImplTest)" time="0.088" classname="org.grapeCity.restAssignment.service.DirectoryServiceImplTest"/>
  <testcase name="testGetDirectoryList_1 on instance testGetDirectoryList_1(org.grapeCity.restAssignment.service.DirectoryServiceImplTest)" time="0.0080" classname="org.grapeCity.restAssignment.service.DirectoryServiceImplTest">
    <failure type="junit.framework.AssertionFailedError">
      <![CDATA[junit.framework.AssertionFailedError
	at junit.framework.Assert.fail(Assert.java:47)
	at junit.framework.Assert.assertTrue(Assert.java:20)
	at junit.framework.Assert.assertNotNull(Assert.java:220)
	at junit.framework.Assert.assertNotNull(Assert.java:213)
	at org.grapeCity.restAssignment.service.DirectoryServiceImplTest.testGetDirectoryList_1(DirectoryServiceImplTest.java:43)
	at junit.framework.TestCase.runTest(TestCase.java:154)
	at junit.framework.TestCase.runBare(TestCase.java:127)
	at junit.framework.TestResult$1.protect(TestResult.java:106)
	at junit.framework.TestResult.runProtected(TestResult.java:124)
	at junit.framework.TestResult.run(TestResult.java:109)
	at junit.framework.TestCase.run(TestCase.java:118)
	at junit.framework.TestSuite.runTest(TestSuite.java:208)
	at junit.framework.TestSuite.run(TestSuite.java:203)
	at org.apache.maven.surefire.testng.TestNGExecutor.run(TestNGExecutor.java:70)
	at org.apache.maven.surefire.testng.TestNGDirectoryTestSuite.executeMulti(TestNGDirectoryTestSuite.java:174)
	at org.apache.maven.surefire.testng.TestNGDirectoryTestSuite.execute(TestNGDirectoryTestSuite.java:98)
	at org.apache.maven.surefire.testng.TestNGProvider.invoke(TestNGProvider.java:111)
	at org.apache.maven.surefire.util.ReflectionUtils.invokeMethodWithArray(ReflectionUtils.java:164)
	at org.apache.maven.surefire.booter.ProviderFactory$ProviderProxy.invoke(ProviderFactory.java:110)
	at org.apache.maven.surefire.booter.SurefireStarter.invokeProvider(SurefireStarter.java:175)
	at org.apache.maven.surefire.booter.SurefireStarter.runSuitesInProcessWhenForked(SurefireStarter.java:107)
	at org.apache.maven.surefire.booter.ForkedBooter.main(ForkedBooter.java:68)
... Removed 24 stack frames]]>
    </failure>
  </testcase>
  <testcase name="testGetDirectoryList_2 on instance testGetDirectoryList_2(org.grapeCity.restAssignment.service.DirectoryServiceImplTest)" time="0.0020" classname="org.grapeCity.restAssignment.service.DirectoryServiceImplTest">
    <failure type="junit.framework.AssertionFailedError">
      <![CDATA[junit.framework.AssertionFailedError
	at junit.framework.Assert.fail(Assert.java:47)
	at junit.framework.Assert.assertTrue(Assert.java:20)
	at junit.framework.Assert.assertNotNull(Assert.java:220)
	at junit.framework.Assert.assertNotNull(Assert.java:213)
	at org.grapeCity.restAssignment.service.DirectoryServiceImplTest.testGetDirectoryList_2(DirectoryServiceImplTest.java:63)
	at junit.framework.TestCase.runTest(TestCase.java:154)
	at junit.framework.TestCase.runBare(TestCase.java:127)
	at junit.framework.TestResult$1.protect(TestResult.java:106)
	at junit.framework.TestResult.runProtected(TestResult.java:124)
	at junit.framework.TestResult.run(TestResult.java:109)
	at junit.framework.TestCase.run(TestCase.java:118)
	at junit.framework.TestSuite.runTest(TestSuite.java:208)
	at junit.framework.TestSuite.run(TestSuite.java:203)
	at org.apache.maven.surefire.testng.TestNGExecutor.run(TestNGExecutor.java:70)
	at org.apache.maven.surefire.testng.TestNGDirectoryTestSuite.executeMulti(TestNGDirectoryTestSuite.java:174)
	at org.apache.maven.surefire.testng.TestNGDirectoryTestSuite.execute(TestNGDirectoryTestSuite.java:98)
	at org.apache.maven.surefire.testng.TestNGProvider.invoke(TestNGProvider.java:111)
	at org.apache.maven.surefire.util.ReflectionUtils.invokeMethodWithArray(ReflectionUtils.java:164)
	at org.apache.maven.surefire.booter.ProviderFactory$ProviderProxy.invoke(ProviderFactory.java:110)
	at org.apache.maven.surefire.booter.SurefireStarter.invokeProvider(SurefireStarter.java:175)
	at org.apache.maven.surefire.booter.SurefireStarter.runSuitesInProcessWhenForked(SurefireStarter.java:107)
	at org.apache.maven.surefire.booter.ForkedBooter.main(ForkedBooter.java:68)
... Removed 24 stack frames]]>
    </failure>
  </testcase>
  <testcase name="testGetDirectoryList_3 on instance testGetDirectoryList_3(org.grapeCity.restAssignment.service.DirectoryServiceImplTest)" time="0.0" classname="org.grapeCity.restAssignment.service.DirectoryServiceImplTest">
    <failure type="junit.framework.AssertionFailedError">
      <![CDATA[junit.framework.AssertionFailedError
	at junit.framework.Assert.fail(Assert.java:47)
	at junit.framework.Assert.assertTrue(Assert.java:20)
	at junit.framework.Assert.assertNotNull(Assert.java:220)
	at junit.framework.Assert.assertNotNull(Assert.java:213)
	at org.grapeCity.restAssignment.service.DirectoryServiceImplTest.testGetDirectoryList_3(DirectoryServiceImplTest.java:83)
	at junit.framework.TestCase.runTest(TestCase.java:154)
	at junit.framework.TestCase.runBare(TestCase.java:127)
	at junit.framework.TestResult$1.protect(TestResult.java:106)
	at junit.framework.TestResult.runProtected(TestResult.java:124)
	at junit.framework.TestResult.run(TestResult.java:109)
	at junit.framework.TestCase.run(TestCase.java:118)
	at junit.framework.TestSuite.runTest(TestSuite.java:208)
	at junit.framework.TestSuite.run(TestSuite.java:203)
	at org.apache.maven.surefire.testng.TestNGExecutor.run(TestNGExecutor.java:70)
	at org.apache.maven.surefire.testng.TestNGDirectoryTestSuite.executeMulti(TestNGDirectoryTestSuite.java:174)
	at org.apache.maven.surefire.testng.TestNGDirectoryTestSuite.execute(TestNGDirectoryTestSuite.java:98)
	at org.apache.maven.surefire.testng.TestNGProvider.invoke(TestNGProvider.java:111)
	at org.apache.maven.surefire.util.ReflectionUtils.invokeMethodWithArray(ReflectionUtils.java:164)
	at org.apache.maven.surefire.booter.ProviderFactory$ProviderProxy.invoke(ProviderFactory.java:110)
	at org.apache.maven.surefire.booter.SurefireStarter.invokeProvider(SurefireStarter.java:175)
	at org.apache.maven.surefire.booter.SurefireStarter.runSuitesInProcessWhenForked(SurefireStarter.java:107)
	at org.apache.maven.surefire.booter.ForkedBooter.main(ForkedBooter.java:68)
... Removed 24 stack frames]]>
    </failure>
  </testcase>
  <testcase name="testGetDirectoryList_4 on instance testGetDirectoryList_4(org.grapeCity.restAssignment.service.DirectoryServiceImplTest)" time="0.0030" classname="org.grapeCity.restAssignment.service.DirectoryServiceImplTest">
    <failure type="junit.framework.AssertionFailedError">
      <![CDATA[junit.framework.AssertionFailedError
	at junit.framework.Assert.fail(Assert.java:47)
	at junit.framework.Assert.assertTrue(Assert.java:20)
	at junit.framework.Assert.assertNotNull(Assert.java:220)
	at junit.framework.Assert.assertNotNull(Assert.java:213)
	at org.grapeCity.restAssignment.service.DirectoryServiceImplTest.testGetDirectoryList_4(DirectoryServiceImplTest.java:103)
	at junit.framework.TestCase.runTest(TestCase.java:154)
	at junit.framework.TestCase.runBare(TestCase.java:127)
	at junit.framework.TestResult$1.protect(TestResult.java:106)
	at junit.framework.TestResult.runProtected(TestResult.java:124)
	at junit.framework.TestResult.run(TestResult.java:109)
	at junit.framework.TestCase.run(TestCase.java:118)
	at junit.framework.TestSuite.runTest(TestSuite.java:208)
	at junit.framework.TestSuite.run(TestSuite.java:203)
	at org.apache.maven.surefire.testng.TestNGExecutor.run(TestNGExecutor.java:70)
	at org.apache.maven.surefire.testng.TestNGDirectoryTestSuite.executeMulti(TestNGDirectoryTestSuite.java:174)
	at org.apache.maven.surefire.testng.TestNGDirectoryTestSuite.execute(TestNGDirectoryTestSuite.java:98)
	at org.apache.maven.surefire.testng.TestNGProvider.invoke(TestNGProvider.java:111)
	at org.apache.maven.surefire.util.ReflectionUtils.invokeMethodWithArray(ReflectionUtils.java:164)
	at org.apache.maven.surefire.booter.ProviderFactory$ProviderProxy.invoke(ProviderFactory.java:110)
	at org.apache.maven.surefire.booter.SurefireStarter.invokeProvider(SurefireStarter.java:175)
	at org.apache.maven.surefire.booter.SurefireStarter.runSuitesInProcessWhenForked(SurefireStarter.java:107)
	at org.apache.maven.surefire.booter.ForkedBooter.main(ForkedBooter.java:68)
... Removed 24 stack frames]]>
    </failure>
  </testcase>
  <testcase name="testGetFileDetails_1 on instance testGetFileDetails_1(org.grapeCity.restAssignment.service.DirectoryServiceImplTest)" time="0.0" classname="org.grapeCity.restAssignment.service.DirectoryServiceImplTest">
    <failure type="junit.framework.AssertionFailedError">
      <![CDATA[junit.framework.AssertionFailedError
	at junit.framework.Assert.fail(Assert.java:47)
	at junit.framework.Assert.assertTrue(Assert.java:20)
	at junit.framework.Assert.assertNotNull(Assert.java:220)
	at junit.framework.Assert.assertNotNull(Assert.java:213)
	at org.grapeCity.restAssignment.service.DirectoryServiceImplTest.testGetFileDetails_1(DirectoryServiceImplTest.java:127)
	at junit.framework.TestCase.runTest(TestCase.java:154)
	at junit.framework.TestCase.runBare(TestCase.java:127)
	at junit.framework.TestResult$1.protect(TestResult.java:106)
	at junit.framework.TestResult.runProtected(TestResult.java:124)
	at junit.framework.TestResult.run(TestResult.java:109)
	at junit.framework.TestCase.run(TestCase.java:118)
	at junit.framework.TestSuite.runTest(TestSuite.java:208)
	at junit.framework.TestSuite.run(TestSuite.java:203)
	at org.apache.maven.surefire.testng.TestNGExecutor.run(TestNGExecutor.java:70)
	at org.apache.maven.surefire.testng.TestNGDirectoryTestSuite.executeMulti(TestNGDirectoryTestSuite.java:174)
	at org.apache.maven.surefire.testng.TestNGDirectoryTestSuite.execute(TestNGDirectoryTestSuite.java:98)
	at org.apache.maven.surefire.testng.TestNGProvider.invoke(TestNGProvider.java:111)
	at org.apache.maven.surefire.util.ReflectionUtils.invokeMethodWithArray(ReflectionUtils.java:164)
	at org.apache.maven.surefire.booter.ProviderFactory$ProviderProxy.invoke(ProviderFactory.java:110)
	at org.apache.maven.surefire.booter.SurefireStarter.invokeProvider(SurefireStarter.java:175)
	at org.apache.maven.surefire.booter.SurefireStarter.runSuitesInProcessWhenForked(SurefireStarter.java:107)
	at org.apache.maven.surefire.booter.ForkedBooter.main(ForkedBooter.java:68)
... Removed 24 stack frames]]>
    </failure>
  </testcase>
  <testcase name="testGetFileDetails_2 on instance testGetFileDetails_2(org.grapeCity.restAssignment.service.DirectoryServiceImplTest)" time="0.0" classname="org.grapeCity.restAssignment.service.DirectoryServiceImplTest">
    <failure type="junit.framework.AssertionFailedError">
      <![CDATA[junit.framework.AssertionFailedError
	at junit.framework.Assert.fail(Assert.java:47)
	at junit.framework.Assert.assertTrue(Assert.java:20)
	at junit.framework.Assert.assertNotNull(Assert.java:220)
	at junit.framework.Assert.assertNotNull(Assert.java:213)
	at org.grapeCity.restAssignment.service.DirectoryServiceImplTest.testGetFileDetails_2(DirectoryServiceImplTest.java:147)
	at junit.framework.TestCase.runTest(TestCase.java:154)
	at junit.framework.TestCase.runBare(TestCase.java:127)
	at junit.framework.TestResult$1.protect(TestResult.java:106)
	at junit.framework.TestResult.runProtected(TestResult.java:124)
	at junit.framework.TestResult.run(TestResult.java:109)
	at junit.framework.TestCase.run(TestCase.java:118)
	at junit.framework.TestSuite.runTest(TestSuite.java:208)
	at junit.framework.TestSuite.run(TestSuite.java:203)
	at org.apache.maven.surefire.testng.TestNGExecutor.run(TestNGExecutor.java:70)
	at org.apache.maven.surefire.testng.TestNGDirectoryTestSuite.executeMulti(TestNGDirectoryTestSuite.java:174)
	at org.apache.maven.surefire.testng.TestNGDirectoryTestSuite.execute(TestNGDirectoryTestSuite.java:98)
	at org.apache.maven.surefire.testng.TestNGProvider.invoke(TestNGProvider.java:111)
	at org.apache.maven.surefire.util.ReflectionUtils.invokeMethodWithArray(ReflectionUtils.java:164)
	at org.apache.maven.surefire.booter.ProviderFactory$ProviderProxy.invoke(ProviderFactory.java:110)
	at org.apache.maven.surefire.booter.SurefireStarter.invokeProvider(SurefireStarter.java:175)
	at org.apache.maven.surefire.booter.SurefireStarter.runSuitesInProcessWhenForked(SurefireStarter.java:107)
	at org.apache.maven.surefire.booter.ForkedBooter.main(ForkedBooter.java:68)
... Removed 24 stack frames]]>
    </failure>
  </testcase>
  <testcase name="testGetFileDetails_3 on instance testGetFileDetails_3(org.grapeCity.restAssignment.service.DirectoryServiceImplTest)" time="0.0" classname="org.grapeCity.restAssignment.service.DirectoryServiceImplTest">
    <failure type="junit.framework.AssertionFailedError">
      <![CDATA[junit.framework.AssertionFailedError
	at junit.framework.Assert.fail(Assert.java:47)
	at junit.framework.Assert.assertTrue(Assert.java:20)
	at junit.framework.Assert.assertNotNull(Assert.java:220)
	at junit.framework.Assert.assertNotNull(Assert.java:213)
	at org.grapeCity.restAssignment.service.DirectoryServiceImplTest.testGetFileDetails_3(DirectoryServiceImplTest.java:167)
	at junit.framework.TestCase.runTest(TestCase.java:154)
	at junit.framework.TestCase.runBare(TestCase.java:127)
	at junit.framework.TestResult$1.protect(TestResult.java:106)
	at junit.framework.TestResult.runProtected(TestResult.java:124)
	at junit.framework.TestResult.run(TestResult.java:109)
	at junit.framework.TestCase.run(TestCase.java:118)
	at junit.framework.TestSuite.runTest(TestSuite.java:208)
	at junit.framework.TestSuite.run(TestSuite.java:203)
	at org.apache.maven.surefire.testng.TestNGExecutor.run(TestNGExecutor.java:70)
	at org.apache.maven.surefire.testng.TestNGDirectoryTestSuite.executeMulti(TestNGDirectoryTestSuite.java:174)
	at org.apache.maven.surefire.testng.TestNGDirectoryTestSuite.execute(TestNGDirectoryTestSuite.java:98)
	at org.apache.maven.surefire.testng.TestNGProvider.invoke(TestNGProvider.java:111)
	at org.apache.maven.surefire.util.ReflectionUtils.invokeMethodWithArray(ReflectionUtils.java:164)
	at org.apache.maven.surefire.booter.ProviderFactory$ProviderProxy.invoke(ProviderFactory.java:110)
	at org.apache.maven.surefire.booter.SurefireStarter.invokeProvider(SurefireStarter.java:175)
	at org.apache.maven.surefire.booter.SurefireStarter.runSuitesInProcessWhenForked(SurefireStarter.java:107)
	at org.apache.maven.surefire.booter.ForkedBooter.main(ForkedBooter.java:68)
... Removed 24 stack frames]]>
    </failure>
  </testcase>
  <testcase name="testGetFileDetails_4 on instance testGetFileDetails_4(org.grapeCity.restAssignment.service.DirectoryServiceImplTest)" time="0.0" classname="org.grapeCity.restAssignment.service.DirectoryServiceImplTest">
    <failure type="junit.framework.AssertionFailedError">
      <![CDATA[junit.framework.AssertionFailedError
	at junit.framework.Assert.fail(Assert.java:47)
	at junit.framework.Assert.assertTrue(Assert.java:20)
	at junit.framework.Assert.assertNotNull(Assert.java:220)
	at junit.framework.Assert.assertNotNull(Assert.java:213)
	at org.grapeCity.restAssignment.service.DirectoryServiceImplTest.testGetFileDetails_4(DirectoryServiceImplTest.java:187)
	at junit.framework.TestCase.runTest(TestCase.java:154)
	at junit.framework.TestCase.runBare(TestCase.java:127)
	at junit.framework.TestResult$1.protect(TestResult.java:106)
	at junit.framework.TestResult.runProtected(TestResult.java:124)
	at junit.framework.TestResult.run(TestResult.java:109)
	at junit.framework.TestCase.run(TestCase.java:118)
	at junit.framework.TestSuite.runTest(TestSuite.java:208)
	at junit.framework.TestSuite.run(TestSuite.java:203)
	at org.apache.maven.surefire.testng.TestNGExecutor.run(TestNGExecutor.java:70)
	at org.apache.maven.surefire.testng.TestNGDirectoryTestSuite.executeMulti(TestNGDirectoryTestSuite.java:174)
	at org.apache.maven.surefire.testng.TestNGDirectoryTestSuite.execute(TestNGDirectoryTestSuite.java:98)
	at org.apache.maven.surefire.testng.TestNGProvider.invoke(TestNGProvider.java:111)
	at org.apache.maven.surefire.util.ReflectionUtils.invokeMethodWithArray(ReflectionUtils.java:164)
	at org.apache.maven.surefire.booter.ProviderFactory$ProviderProxy.invoke(ProviderFactory.java:110)
	at org.apache.maven.surefire.booter.SurefireStarter.invokeProvider(SurefireStarter.java:175)
	at org.apache.maven.surefire.booter.SurefireStarter.runSuitesInProcessWhenForked(SurefireStarter.java:107)
	at org.apache.maven.surefire.booter.ForkedBooter.main(ForkedBooter.java:68)
... Removed 24 stack frames]]>
    </failure>
  </testcase>
  <testcase name="testGetAbsolutePath_1 on instance testGetAbsolutePath_1(org.grapeCity.restAssignment.domain.FilesTest)" time="0.0" classname="org.grapeCity.restAssignment.domain.FilesTest"/>
  <testcase name="testGetSize_1 on instance testGetSize_1(org.grapeCity.restAssignment.domain.FilesTest)" time="0.0" classname="org.grapeCity.restAssignment.domain.FilesTest"/>
  <testcase name="testGetType_1 on instance testGetType_1(org.grapeCity.restAssignment.domain.FilesTest)" time="0.0" classname="org.grapeCity.restAssignment.domain.FilesTest"/>
  <testcase name="testSetAbsolutePath_1 on instance testSetAbsolutePath_1(org.grapeCity.restAssignment.domain.FilesTest)" time="0.0" classname="org.grapeCity.restAssignment.domain.FilesTest"/>
  <testcase name="testSetSize_1 on instance testSetSize_1(org.grapeCity.restAssignment.domain.FilesTest)" time="0.0" classname="org.grapeCity.restAssignment.domain.FilesTest"/>
  <testcase name="testSetType_1 on instance testSetType_1(org.grapeCity.restAssignment.domain.FilesTest)" time="0.0" classname="org.grapeCity.restAssignment.domain.FilesTest"/>
  <testcase name="testGetExecutable_1 on instance testGetExecutable_1(org.grapeCity.restAssignment.domain.FilesTest)" time="0.0" classname="org.grapeCity.restAssignment.domain.FilesTest"/>
  <testcase name="testGetExecutable_2 on instance testGetExecutable_2(org.grapeCity.restAssignment.domain.FilesTest)" time="0.0" classname="org.grapeCity.restAssignment.domain.FilesTest"/>
  <testcase name="testGetMtime_1 on instance testGetMtime_1(org.grapeCity.restAssignment.domain.FilesTest)" time="0.0" classname="org.grapeCity.restAssignment.domain.FilesTest"/>
  <testcase name="testGetMtime_2 on instance testGetMtime_2(org.grapeCity.restAssignment.domain.FilesTest)" time="0.0" classname="org.grapeCity.restAssignment.domain.FilesTest"/>
  <testcase name="testGetReadable_1 on instance testGetReadable_1(org.grapeCity.restAssignment.domain.FilesTest)" time="0.0" classname="org.grapeCity.restAssignment.domain.FilesTest"/>
  <testcase name="testGetReadable_2 on instance testGetReadable_2(org.grapeCity.restAssignment.domain.FilesTest)" time="0.0" classname="org.grapeCity.restAssignment.domain.FilesTest"/>
  <testcase name="testGetWritable_1 on instance testGetWritable_1(org.grapeCity.restAssignment.domain.FilesTest)" time="0.0" classname="org.grapeCity.restAssignment.domain.FilesTest"/>
  <testcase name="testGetWritable_2 on instance testGetWritable_2(org.grapeCity.restAssignment.domain.FilesTest)" time="0.0" classname="org.grapeCity.restAssignment.domain.FilesTest"/>
  <testcase name="testSetExecutable_1 on instance testSetExecutable_1(org.grapeCity.restAssignment.domain.FilesTest)" time="0.0" classname="org.grapeCity.restAssignment.domain.FilesTest"/>
  <testcase name="testSetMtime_1 on instance testSetMtime_1(org.grapeCity.restAssignment.domain.FilesTest)" time="0.0" classname="org.grapeCity.restAssignment.domain.FilesTest"/>
  <testcase name="testSetReadable_1 on instance testSetReadable_1(org.grapeCity.restAssignment.domain.FilesTest)" time="0.0" classname="org.grapeCity.restAssignment.domain.FilesTest"/>
  <testcase name="testSetWritable_1 on instance testSetWritable_1(org.grapeCity.restAssignment.domain.FilesTest)" time="0.0" classname="org.grapeCity.restAssignment.domain.FilesTest"/>
  <testcase name="testCheckNullOrBlank_1 on instance testCheckNullOrBlank_1(org.grapeCity.restAssignment.utilities.UtilsTest)" time="0.0" classname="org.grapeCity.restAssignment.utilities.UtilsTest"/>
  <testcase name="testCheckNullOrBlank_2 on instance testCheckNullOrBlank_2(org.grapeCity.restAssignment.utilities.UtilsTest)" time="0.0" classname="org.grapeCity.restAssignment.utilities.UtilsTest"/>
  <testcase name="testCheckNullOrBlank_3 on instance testCheckNullOrBlank_3(org.grapeCity.restAssignment.utilities.UtilsTest)" time="0.0" classname="org.grapeCity.restAssignment.utilities.UtilsTest"/>
  <testcase name="testCheckNullOrBlank_4 on instance testCheckNullOrBlank_4(org.grapeCity.restAssignment.utilities.UtilsTest)" time="0.0" classname="org.grapeCity.restAssignment.utilities.UtilsTest"/>
  <testcase name="testCheckNullOrBlank_5 on instance testCheckNullOrBlank_5(org.grapeCity.restAssignment.utilities.UtilsTest)" time="0.0" classname="org.grapeCity.restAssignment.utilities.UtilsTest"/>
  <testcase name="testCheckNullOrBlank_6 on instance testCheckNullOrBlank_6(org.grapeCity.restAssignment.utilities.UtilsTest)" time="0.0030" classname="org.grapeCity.restAssignment.utilities.UtilsTest"/>
  <testcase name="testCheckNullOrBlank_7 on instance testCheckNullOrBlank_7(org.grapeCity.restAssignment.utilities.UtilsTest)" time="0.0" classname="org.grapeCity.restAssignment.utilities.UtilsTest"/>
  <testcase name="testCheckNullOrBlank_8 on instance testCheckNullOrBlank_8(org.grapeCity.restAssignment.utilities.UtilsTest)" time="0.0" classname="org.grapeCity.restAssignment.utilities.UtilsTest"/>
  <testcase name="testCheckNullOrBlank_9 on instance testCheckNullOrBlank_9(org.grapeCity.restAssignment.utilities.UtilsTest)" time="0.0" classname="org.grapeCity.restAssignment.utilities.UtilsTest"/>
  <testcase name="testCheckNullOrBlank_10 on instance testCheckNullOrBlank_10(org.grapeCity.restAssignment.utilities.UtilsTest)" time="0.0" classname="org.grapeCity.restAssignment.utilities.UtilsTest"/>
  <testcase name="testCheckNullOrBlank_11 on instance testCheckNullOrBlank_11(org.grapeCity.restAssignment.utilities.UtilsTest)" time="0.0" classname="org.grapeCity.restAssignment.utilities.UtilsTest"/>
  <testcase name="testCheckNullOrBlank_12 on instance testCheckNullOrBlank_12(org.grapeCity.restAssignment.utilities.UtilsTest)" time="0.0" classname="org.grapeCity.restAssignment.utilities.UtilsTest"/>
  <testcase name="testCheckNullOrBlank_13 on instance testCheckNullOrBlank_13(org.grapeCity.restAssignment.utilities.UtilsTest)" time="0.0" classname="org.grapeCity.restAssignment.utilities.UtilsTest"/>
  <testcase name="testGetAbsolutePath_1 on instance testGetAbsolutePath_1(org.grapeCity.restAssignment.domain.DirectoryTest)" time="0.0020" classname="org.grapeCity.restAssignment.domain.DirectoryTest"/>
  <testcase name="testGetDirectoryOrFiles_1 on instance testGetDirectoryOrFiles_1(org.grapeCity.restAssignment.domain.DirectoryTest)" time="0.0" classname="org.grapeCity.restAssignment.domain.DirectoryTest"/>
  <testcase name="testGetDirectoryOrFiles_2 on instance testGetDirectoryOrFiles_2(org.grapeCity.restAssignment.domain.DirectoryTest)" time="0.0" classname="org.grapeCity.restAssignment.domain.DirectoryTest"/>
  <testcase name="testGetSize_1 on instance testGetSize_1(org.grapeCity.restAssignment.domain.DirectoryTest)" time="0.0" classname="org.grapeCity.restAssignment.domain.DirectoryTest"/>
  <testcase name="testGetType_1 on instance testGetType_1(org.grapeCity.restAssignment.domain.DirectoryTest)" time="0.0" classname="org.grapeCity.restAssignment.domain.DirectoryTest"/>
  <testcase name="testSetAbsolutePath_1 on instance testSetAbsolutePath_1(org.grapeCity.restAssignment.domain.DirectoryTest)" time="0.0" classname="org.grapeCity.restAssignment.domain.DirectoryTest"/>
  <testcase name="testSetSize_1 on instance testSetSize_1(org.grapeCity.restAssignment.domain.DirectoryTest)" time="0.0" classname="org.grapeCity.restAssignment.domain.DirectoryTest"/>
  <testcase name="testSetType_1 on instance testSetType_1(org.grapeCity.restAssignment.domain.DirectoryTest)" time="0.0" classname="org.grapeCity.restAssignment.domain.DirectoryTest"/>
</testsuite>
